<?xml version="1.0" encoding="UTF-8"?>
<!-- Generated by org.testng.reporters.JUnitXMLReporter -->
<testsuite ignored="0" hostname="Tufail-Vivo" failures="0" tests="3" name="Command line test" time="0.034" errors="0" timestamp="2020-06-25T19:45:16 EDT">
  <testcase classname="com.tufail.Selenium6Test" name="testingMain" time="0.003"/>
  <testcase classname="com.tufail.Selenium6Test" name="testingMain1" time="0.001"/>
  <testcase classname="com.tufail.SeleniumTest" name="printingClass" time="0.0"/>
</testsuite> <!-- Command line test -->
