<?xml version="1.0" encoding="UTF-8"?>
<testng-results ignored="0" total="3" passed="3" failed="0" skipped="0">
  <reporter-output>
  </reporter-output>
  <suite started-at="2020-06-25T19:45:16 EDT" name="Command line suite" finished-at="2020-06-25T19:45:16 EDT" duration-ms="34">
    <groups>
    </groups>
    <test started-at="2020-06-25T19:45:16 EDT" name="Command line test" finished-at="2020-06-25T19:45:16 EDT" duration-ms="34">
      <class name="com.tufail.Selenium6Test">
        <test-method signature="testingMain()[pri:0, instance:com.tufail.Selenium6Test@3aeaafa6]" started-at="2020-06-25T19:45:16 EDT" name="testingMain" finished-at="2020-06-25T19:45:16 EDT" duration-ms="3" status="PASS">
          <reporter-output>
          </reporter-output>
        </test-method> <!-- testingMain -->
        <test-method signature="testingMain1()[pri:0, instance:com.tufail.Selenium6Test@3aeaafa6]" started-at="2020-06-25T19:45:16 EDT" name="testingMain1" finished-at="2020-06-25T19:45:16 EDT" duration-ms="1" status="PASS">
          <reporter-output>
          </reporter-output>
        </test-method> <!-- testingMain1 -->
      </class> <!-- com.tufail.Selenium6Test -->
      <class name="com.tufail.SeleniumTest">
        <test-method signature="printingClass()[pri:0, instance:com.tufail.SeleniumTest@76a3e297]" started-at="2020-06-25T19:45:16 EDT" name="printingClass" finished-at="2020-06-25T19:45:16 EDT" duration-ms="0" status="PASS">
          <reporter-output>
          </reporter-output>
        </test-method> <!-- printingClass -->
      </class> <!-- com.tufail.SeleniumTest -->
    </test> <!-- Command line test -->
  </suite> <!-- Command line suite -->
</testng-results>
