<?xml version="1.0" encoding="UTF-8"?>
<testng-results ignored="0" total="2" passed="2" failed="0" skipped="0">
  <reporter-output>
  </reporter-output>
  <suite started-at="2020-06-25T19:15:30 EDT" name="Default suite" finished-at="2020-06-25T19:15:30 EDT" duration-ms="40">
    <groups>
    </groups>
    <test started-at="2020-06-25T19:15:30 EDT" name="Default test" finished-at="2020-06-25T19:15:30 EDT" duration-ms="40">
      <class name="com.tufail.Selenium6Test">
        <test-method signature="testingMain()[pri:0, instance:com.tufail.Selenium6Test@7995092a]" started-at="2020-06-25T19:15:30 EDT" name="testingMain" finished-at="2020-06-25T19:15:30 EDT" duration-ms="8" status="PASS">
          <reporter-output>
          </reporter-output>
        </test-method> <!-- testingMain -->
        <test-method signature="testingMain1()[pri:0, instance:com.tufail.Selenium6Test@7995092a]" started-at="2020-06-25T19:15:30 EDT" name="testingMain1" finished-at="2020-06-25T19:15:30 EDT" duration-ms="1" status="PASS">
          <reporter-output>
          </reporter-output>
        </test-method> <!-- testingMain1 -->
      </class> <!-- com.tufail.Selenium6Test -->
    </test> <!-- Default test -->
  </suite> <!-- Default suite -->
</testng-results>
